2025-03-14 08:50:09 INFO  TC_001_AccountRegistrationTest:17 - Test Case TC_001_AccountRegistrationTest execution started
2025-03-14 08:50:09 INFO  TC_001_AccountRegistrationTest:20 - Clicked on My Account Link
2025-03-14 08:50:10 INFO  TC_001_AccountRegistrationTest:22 - Clicked on Register Link
2025-03-14 08:50:10 INFO  TC_001_AccountRegistrationTest:24 - Providing Customer Details
2025-03-14 08:50:12 INFO  TC_001_AccountRegistrationTest:37 - Validating Expected msg
2025-03-14 08:50:12 INFO  TC_001_AccountRegistrationTest:55 - ***Finished TC_001_AccountRegistrationTest***
2025-03-14 08:50:16 INFO  TC_002_LoginTest:17 - **** Starting TC_002_LoginTest  ****
2025-03-14 08:50:16 DEBUG TC_002_LoginTest:18 - capturing application debug logs....
2025-03-14 08:50:16 INFO  TC_002_LoginTest:24 - clicked on myaccount link on the home page..
2025-03-14 08:50:16 INFO  TC_002_LoginTest:26 - clicked on login link under myaccount..
2025-03-14 08:50:16 INFO  TC_002_LoginTest:30 - Entering valid email and password..
2025-03-14 08:50:17 INFO  TC_002_LoginTest:34 - clicked on ligin button..
2025-03-14 08:51:12 INFO  TC_002_LoginTest:17 - **** Starting TC_002_LoginTest  ****
2025-03-14 08:51:12 DEBUG TC_002_LoginTest:18 - capturing application debug logs....
2025-03-14 08:51:12 INFO  TC_002_LoginTest:24 - clicked on myaccount link on the home page..
2025-03-14 08:51:13 INFO  TC_002_LoginTest:26 - clicked on login link under myaccount..
2025-03-14 08:51:13 INFO  TC_002_LoginTest:30 - Entering valid email and password..
2025-03-14 08:51:13 INFO  TC_002_LoginTest:34 - clicked on ligin button..
2025-03-14 08:56:22 INFO  TC_001_AccountRegistrationTest:17 - Test Case TC_001_AccountRegistrationTest execution started
2025-03-14 08:56:22 INFO  TC_001_AccountRegistrationTest:20 - Clicked on My Account Link
2025-03-14 08:56:23 INFO  TC_001_AccountRegistrationTest:22 - Clicked on Register Link
2025-03-14 08:56:23 INFO  TC_001_AccountRegistrationTest:24 - Providing Customer Details
2025-03-14 08:56:25 INFO  TC_001_AccountRegistrationTest:37 - Validating Expected msg
2025-03-14 08:56:25 INFO  TC_001_AccountRegistrationTest:55 - ***Finished TC_001_AccountRegistrationTest***
2025-03-14 08:56:27 INFO  TC_002_LoginTest:17 - **** Starting TC_002_LoginTest  ****
2025-03-14 08:56:27 DEBUG TC_002_LoginTest:18 - capturing application debug logs....
2025-03-14 08:56:28 INFO  TC_002_LoginTest:24 - clicked on myaccount link on the home page..
2025-03-14 08:56:28 INFO  TC_002_LoginTest:26 - clicked on login link under myaccount..
2025-03-14 08:56:28 INFO  TC_002_LoginTest:30 - Entering valid email and password..
2025-03-14 08:56:29 INFO  TC_002_LoginTest:34 - clicked on ligin button..
2025-03-14 08:57:14 INFO  TC_001_AccountRegistrationTest:17 - Test Case TC_001_AccountRegistrationTest execution started
2025-03-14 08:57:14 INFO  TC_001_AccountRegistrationTest:20 - Clicked on My Account Link
2025-03-14 08:57:15 INFO  TC_001_AccountRegistrationTest:22 - Clicked on Register Link
2025-03-14 08:57:15 INFO  TC_001_AccountRegistrationTest:24 - Providing Customer Details
2025-03-14 08:57:16 INFO  TC_001_AccountRegistrationTest:37 - Validating Expected msg
2025-03-14 08:57:16 INFO  TC_001_AccountRegistrationTest:55 - ***Finished TC_001_AccountRegistrationTest***
2025-03-14 08:57:19 INFO  TC_002_LoginTest:17 - **** Starting TC_002_LoginTest  ****
2025-03-14 08:57:19 DEBUG TC_002_LoginTest:18 - capturing application debug logs....
2025-03-14 08:57:19 INFO  TC_002_LoginTest:24 - clicked on myaccount link on the home page..
2025-03-14 08:57:20 INFO  TC_002_LoginTest:26 - clicked on login link under myaccount..
2025-03-14 08:57:20 INFO  TC_002_LoginTest:30 - Entering valid email and password..
2025-03-14 08:57:21 INFO  TC_002_LoginTest:34 - clicked on ligin button..
2025-03-14 08:58:59 INFO  TC_001_AccountRegistrationTest:17 - Test Case TC_001_AccountRegistrationTest execution started
2025-03-14 08:58:59 INFO  TC_001_AccountRegistrationTest:20 - Clicked on My Account Link
2025-03-14 08:59:00 INFO  TC_001_AccountRegistrationTest:22 - Clicked on Register Link
2025-03-14 08:59:00 INFO  TC_001_AccountRegistrationTest:24 - Providing Customer Details
2025-03-14 08:59:01 INFO  TC_001_AccountRegistrationTest:37 - Validating Expected msg
2025-03-14 08:59:01 INFO  TC_001_AccountRegistrationTest:55 - ***Finished TC_001_AccountRegistrationTest***
2025-03-14 08:59:08 INFO  TC_002_LoginTest:17 - **** Starting TC_002_LoginTest  ****
2025-03-14 08:59:08 DEBUG TC_002_LoginTest:18 - capturing application debug logs....
2025-03-14 08:59:09 INFO  TC_002_LoginTest:24 - clicked on myaccount link on the home page..
2025-03-14 08:59:09 INFO  TC_002_LoginTest:26 - clicked on login link under myaccount..
2025-03-14 08:59:09 INFO  TC_002_LoginTest:30 - Entering valid email and password..
2025-03-14 08:59:10 INFO  TC_002_LoginTest:34 - clicked on ligin button..
2025-03-14 09:03:04 INFO  TC_001_AccountRegistrationTest:17 - Test Case TC_001_AccountRegistrationTest execution started
2025-03-14 09:03:05 INFO  TC_001_AccountRegistrationTest:20 - Clicked on My Account Link
2025-03-14 09:03:05 INFO  TC_001_AccountRegistrationTest:22 - Clicked on Register Link
2025-03-14 09:03:05 INFO  TC_001_AccountRegistrationTest:24 - Providing Customer Details
2025-03-14 09:03:07 INFO  TC_001_AccountRegistrationTest:37 - Validating Expected msg
2025-03-14 09:03:07 INFO  TC_001_AccountRegistrationTest:55 - ***Finished TC_001_AccountRegistrationTest***
2025-03-14 09:03:13 INFO  TC_002_LoginTest:17 - **** Starting TC_002_LoginTest  ****
2025-03-14 09:03:13 DEBUG TC_002_LoginTest:18 - capturing application debug logs....
2025-03-14 09:03:13 INFO  TC_002_LoginTest:24 - clicked on myaccount link on the home page..
2025-03-14 09:03:14 INFO  TC_002_LoginTest:26 - clicked on login link under myaccount..
2025-03-14 09:03:14 INFO  TC_002_LoginTest:30 - Entering valid email and password..
2025-03-14 09:03:14 INFO  TC_002_LoginTest:34 - clicked on ligin button..
2025-03-14 09:03:29 INFO  TC_001_AccountRegistrationTest:17 - Test Case TC_001_AccountRegistrationTest execution started
2025-03-14 09:03:29 INFO  TC_001_AccountRegistrationTest:20 - Clicked on My Account Link
2025-03-14 09:03:30 INFO  TC_001_AccountRegistrationTest:22 - Clicked on Register Link
2025-03-14 09:03:30 INFO  TC_001_AccountRegistrationTest:24 - Providing Customer Details
2025-03-14 09:03:32 INFO  TC_001_AccountRegistrationTest:37 - Validating Expected msg
2025-03-14 09:03:32 INFO  TC_001_AccountRegistrationTest:55 - ***Finished TC_001_AccountRegistrationTest***
2025-03-14 09:03:35 INFO  TC_002_LoginTest:17 - **** Starting TC_002_LoginTest  ****
2025-03-14 09:03:35 DEBUG TC_002_LoginTest:18 - capturing application debug logs....
2025-03-14 09:03:35 INFO  TC_002_LoginTest:24 - clicked on myaccount link on the home page..
2025-03-14 09:03:36 INFO  TC_002_LoginTest:26 - clicked on login link under myaccount..
2025-03-14 09:03:36 INFO  TC_002_LoginTest:30 - Entering valid email and password..
2025-03-14 09:03:36 INFO  TC_002_LoginTest:34 - clicked on ligin button..
2025-03-14 09:05:05 INFO  TC_001_AccountRegistrationTest:17 - Test Case TC_001_AccountRegistrationTest execution started
2025-03-14 09:05:05 INFO  TC_001_AccountRegistrationTest:17 - Test Case TC_001_AccountRegistrationTest execution started
2025-03-14 09:05:05 INFO  TC_001_AccountRegistrationTest:20 - Clicked on My Account Link
2025-03-14 09:05:06 INFO  TC_001_AccountRegistrationTest:20 - Clicked on My Account Link
2025-03-14 09:05:13 INFO  TC_002_LoginTest:17 - **** Starting TC_002_LoginTest  ****
2025-03-14 09:05:13 DEBUG TC_002_LoginTest:18 - capturing application debug logs....
2025-03-14 09:05:13 INFO  TC_002_LoginTest:24 - clicked on myaccount link on the home page..
2025-03-14 09:05:13 INFO  TC_002_LoginTest:26 - clicked on login link under myaccount..
2025-03-14 09:05:13 INFO  TC_002_LoginTest:30 - Entering valid email and password..
2025-03-14 09:05:14 INFO  TC_002_LoginTest:34 - clicked on ligin button..
2025-03-14 09:05:14 INFO  TC_002_LoginTest:48 - **** Finished TC_002_LoginTest  ****
2025-03-14 09:07:42 INFO  TC_001_AccountRegistrationTest:17 - Test Case TC_001_AccountRegistrationTest execution started
2025-03-14 09:07:43 INFO  TC_001_AccountRegistrationTest:20 - Clicked on My Account Link
2025-03-14 09:07:43 INFO  TC_001_AccountRegistrationTest:22 - Clicked on Register Link
2025-03-14 09:07:43 INFO  TC_001_AccountRegistrationTest:24 - Providing Customer Details
2025-03-14 09:07:45 INFO  TC_001_AccountRegistrationTest:37 - Validating Expected msg
2025-03-14 09:07:45 INFO  TC_001_AccountRegistrationTest:55 - ***Finished TC_001_AccountRegistrationTest***
2025-03-14 09:07:50 INFO  TC_002_LoginTest:17 - **** Starting TC_002_LoginTest  ****
2025-03-14 09:07:50 DEBUG TC_002_LoginTest:18 - capturing application debug logs....
2025-03-14 09:07:50 INFO  TC_002_LoginTest:24 - clicked on myaccount link on the home page..
2025-03-14 09:07:51 INFO  TC_002_LoginTest:26 - clicked on login link under myaccount..
2025-03-14 09:07:51 INFO  TC_002_LoginTest:30 - Entering valid email and password..
2025-03-14 09:07:52 INFO  TC_002_LoginTest:34 - clicked on ligin button..
2025-03-14 09:07:52 INFO  TC_002_LoginTest:48 - **** Finished TC_002_LoginTest  ****
2025-03-14 09:21:33 INFO  TC_001_AccountRegistrationTest:17 - Test Case TC_001_AccountRegistrationTest execution started
2025-03-14 09:21:33 INFO  TC_001_AccountRegistrationTest:20 - Clicked on My Account Link
2025-03-14 09:21:34 INFO  TC_001_AccountRegistrationTest:22 - Clicked on Register Link
2025-03-14 09:21:34 INFO  TC_001_AccountRegistrationTest:24 - Providing Customer Details
2025-03-14 09:21:35 INFO  TC_001_AccountRegistrationTest:37 - Validating Expected msg
2025-03-14 09:21:35 INFO  TC_001_AccountRegistrationTest:55 - ***Finished TC_001_AccountRegistrationTest***
2025-03-14 09:21:42 INFO  TC_002_LoginTest:17 - **** Starting TC_002_LoginTest  ****
2025-03-14 09:21:42 DEBUG TC_002_LoginTest:18 - capturing application debug logs....
2025-03-14 09:21:42 INFO  TC_002_LoginTest:24 - clicked on myaccount link on the home page..
2025-03-14 09:21:43 INFO  TC_002_LoginTest:26 - clicked on login link under myaccount..
2025-03-14 09:21:43 INFO  TC_002_LoginTest:30 - Entering valid email and password..
2025-03-14 09:21:44 INFO  TC_002_LoginTest:34 - clicked on ligin button..
2025-03-14 09:21:44 INFO  TC_002_LoginTest:48 - **** Finished TC_002_LoginTest  ****
2025-03-14 09:21:51 INFO  TC_001_AccountRegistrationTest:17 - Test Case TC_001_AccountRegistrationTest execution started
2025-03-14 09:21:51 INFO  TC_001_AccountRegistrationTest:20 - Clicked on My Account Link
2025-03-14 09:21:52 INFO  TC_001_AccountRegistrationTest:22 - Clicked on Register Link
2025-03-14 09:21:52 INFO  TC_001_AccountRegistrationTest:24 - Providing Customer Details
2025-03-14 09:21:53 INFO  TC_001_AccountRegistrationTest:37 - Validating Expected msg
2025-03-14 09:21:54 INFO  TC_001_AccountRegistrationTest:55 - ***Finished TC_001_AccountRegistrationTest***
2025-03-14 09:21:56 INFO  TC_002_LoginTest:17 - **** Starting TC_002_LoginTest  ****
2025-03-14 09:21:56 DEBUG TC_002_LoginTest:18 - capturing application debug logs....
2025-03-14 09:21:56 INFO  TC_002_LoginTest:24 - clicked on myaccount link on the home page..
2025-03-14 09:21:57 INFO  TC_002_LoginTest:26 - clicked on login link under myaccount..
2025-03-14 09:21:57 INFO  TC_002_LoginTest:30 - Entering valid email and password..
2025-03-14 09:21:57 INFO  TC_002_LoginTest:34 - clicked on ligin button..
2025-03-14 09:21:58 INFO  TC_002_LoginTest:48 - **** Finished TC_002_LoginTest  ****
2025-03-14 11:48:33 INFO  TC_001_AccountRegistrationTest:17 - Test Case TC_001_AccountRegistrationTest execution started
2025-03-14 11:48:34 INFO  TC_001_AccountRegistrationTest:20 - Clicked on My Account Link
2025-03-14 11:48:35 INFO  TC_001_AccountRegistrationTest:22 - Clicked on Register Link
2025-03-14 11:48:35 INFO  TC_001_AccountRegistrationTest:24 - Providing Customer Details
2025-03-14 11:48:36 INFO  TC_001_AccountRegistrationTest:37 - Validating Expected msg
2025-03-14 11:48:36 INFO  TC_001_AccountRegistrationTest:55 - ***Finished TC_001_AccountRegistrationTest***
2025-03-14 11:48:40 INFO  TC_002_LoginTest:17 - **** Starting TC_002_LoginTest  ****
2025-03-14 11:48:40 DEBUG TC_002_LoginTest:18 - capturing application debug logs....
2025-03-14 11:48:40 INFO  TC_002_LoginTest:24 - clicked on myaccount link on the home page..
2025-03-14 11:48:40 INFO  TC_002_LoginTest:26 - clicked on login link under myaccount..
2025-03-14 11:48:40 INFO  TC_002_LoginTest:30 - Entering valid email and password..
2025-03-14 11:48:41 INFO  TC_002_LoginTest:34 - clicked on ligin button..
2025-03-14 11:48:42 INFO  TC_002_LoginTest:48 - **** Finished TC_002_LoginTest  ****
2025-03-14 11:48:47 INFO  TC_001_AccountRegistrationTest:17 - Test Case TC_001_AccountRegistrationTest execution started
2025-03-14 11:48:47 INFO  TC_001_AccountRegistrationTest:20 - Clicked on My Account Link
2025-03-14 11:48:48 INFO  TC_001_AccountRegistrationTest:22 - Clicked on Register Link
2025-03-14 11:48:48 INFO  TC_001_AccountRegistrationTest:24 - Providing Customer Details
2025-03-14 11:48:50 INFO  TC_001_AccountRegistrationTest:37 - Validating Expected msg
2025-03-14 11:48:50 INFO  TC_001_AccountRegistrationTest:55 - ***Finished TC_001_AccountRegistrationTest***
2025-03-14 11:48:53 INFO  TC_002_LoginTest:17 - **** Starting TC_002_LoginTest  ****
2025-03-14 11:48:53 DEBUG TC_002_LoginTest:18 - capturing application debug logs....
2025-03-14 11:48:54 INFO  TC_002_LoginTest:24 - clicked on myaccount link on the home page..
2025-03-14 11:48:54 INFO  TC_002_LoginTest:26 - clicked on login link under myaccount..
2025-03-14 11:48:54 INFO  TC_002_LoginTest:30 - Entering valid email and password..
2025-03-14 11:48:54 INFO  TC_002_LoginTest:34 - clicked on ligin button..
2025-03-14 11:48:55 INFO  TC_002_LoginTest:48 - **** Finished TC_002_LoginTest  ****
2025-03-14 11:58:54 INFO  TC_001_AccountRegistrationTest:17 - Test Case TC_001_AccountRegistrationTest execution started
2025-03-14 11:58:54 INFO  TC_001_AccountRegistrationTest:20 - Clicked on My Account Link
2025-03-14 11:58:55 INFO  TC_001_AccountRegistrationTest:22 - Clicked on Register Link
2025-03-14 11:58:55 INFO  TC_001_AccountRegistrationTest:24 - Providing Customer Details
2025-03-14 11:58:56 INFO  TC_001_AccountRegistrationTest:37 - Validating Expected msg
2025-03-14 11:58:56 INFO  TC_001_AccountRegistrationTest:55 - ***Finished TC_001_AccountRegistrationTest***
2025-03-14 11:59:00 INFO  TC_002_LoginTest:17 - **** Starting TC_002_LoginTest  ****
2025-03-14 11:59:00 DEBUG TC_002_LoginTest:18 - capturing application debug logs....
2025-03-14 11:59:00 INFO  TC_002_LoginTest:24 - clicked on myaccount link on the home page..
2025-03-14 11:59:00 INFO  TC_002_LoginTest:26 - clicked on login link under myaccount..
2025-03-14 11:59:00 INFO  TC_002_LoginTest:30 - Entering valid email and password..
2025-03-14 11:59:01 INFO  TC_002_LoginTest:34 - clicked on ligin button..
2025-03-14 11:59:01 INFO  TC_002_LoginTest:48 - **** Finished TC_002_LoginTest  ****
2025-03-14 12:38:36 INFO  TC_001_AccountRegistrationTest:17 - Test Case TC_001_AccountRegistrationTest execution started
2025-03-14 12:38:36 INFO  TC_001_AccountRegistrationTest:20 - Clicked on My Account Link
2025-03-14 12:38:37 INFO  TC_001_AccountRegistrationTest:22 - Clicked on Register Link
2025-03-14 12:38:37 INFO  TC_001_AccountRegistrationTest:24 - Providing Customer Details
2025-03-14 12:38:38 INFO  TC_001_AccountRegistrationTest:37 - Validating Expected msg
2025-03-14 12:38:38 INFO  TC_001_AccountRegistrationTest:55 - ***Finished TC_001_AccountRegistrationTest***
2025-03-14 12:38:42 INFO  TC_002_LoginTest:17 - **** Starting TC_002_LoginTest  ****
2025-03-14 12:38:42 DEBUG TC_002_LoginTest:18 - capturing application debug logs....
2025-03-14 12:38:42 INFO  TC_002_LoginTest:24 - clicked on myaccount link on the home page..
2025-03-14 12:38:42 INFO  TC_002_LoginTest:26 - clicked on login link under myaccount..
2025-03-14 12:38:42 INFO  TC_002_LoginTest:30 - Entering valid email and password..
2025-03-14 12:38:42 INFO  TC_002_LoginTest:34 - clicked on ligin button..
2025-03-14 12:38:43 INFO  TC_002_LoginTest:48 - **** Finished TC_002_LoginTest  ****
2025-03-14 12:45:04 INFO  TC_001_AccountRegistrationTest:17 - Test Case TC_001_AccountRegistrationTest execution started
2025-03-14 12:45:05 INFO  TC_001_AccountRegistrationTest:20 - Clicked on My Account Link
2025-03-14 12:45:05 INFO  TC_001_AccountRegistrationTest:22 - Clicked on Register Link
2025-03-14 12:45:05 INFO  TC_001_AccountRegistrationTest:24 - Providing Customer Details
2025-03-14 12:45:07 INFO  TC_001_AccountRegistrationTest:37 - Validating Expected msg
2025-03-14 12:45:07 INFO  TC_001_AccountRegistrationTest:55 - ***Finished TC_001_AccountRegistrationTest***
2025-03-14 12:45:10 INFO  TC_002_LoginTest:17 - **** Starting TC_002_LoginTest  ****
2025-03-14 12:45:10 DEBUG TC_002_LoginTest:18 - capturing application debug logs....
2025-03-14 12:45:10 INFO  TC_002_LoginTest:24 - clicked on myaccount link on the home page..
2025-03-14 12:45:11 INFO  TC_002_LoginTest:26 - clicked on login link under myaccount..
2025-03-14 12:45:11 INFO  TC_002_LoginTest:30 - Entering valid email and password..
2025-03-14 12:45:12 INFO  TC_002_LoginTest:34 - clicked on ligin button..
2025-03-14 12:45:12 INFO  TC_002_LoginTest:48 - **** Finished TC_002_LoginTest  ****
2025-03-14 12:46:00 INFO  TC_001_AccountRegistrationTest:17 - Test Case TC_001_AccountRegistrationTest execution started
2025-03-14 12:46:00 INFO  TC_001_AccountRegistrationTest:20 - Clicked on My Account Link
2025-03-14 12:46:01 INFO  TC_001_AccountRegistrationTest:22 - Clicked on Register Link
2025-03-14 12:46:01 INFO  TC_001_AccountRegistrationTest:24 - Providing Customer Details
2025-03-14 12:46:02 INFO  TC_001_AccountRegistrationTest:37 - Validating Expected msg
2025-03-14 12:46:02 INFO  TC_001_AccountRegistrationTest:55 - ***Finished TC_001_AccountRegistrationTest***
2025-03-14 12:46:06 INFO  TC_002_LoginTest:17 - **** Starting TC_002_LoginTest  ****
2025-03-14 12:46:06 DEBUG TC_002_LoginTest:18 - capturing application debug logs....
2025-03-14 12:46:06 INFO  TC_002_LoginTest:24 - clicked on myaccount link on the home page..
2025-03-14 12:46:06 INFO  TC_002_LoginTest:26 - clicked on login link under myaccount..
2025-03-14 12:46:06 INFO  TC_002_LoginTest:30 - Entering valid email and password..
2025-03-14 12:46:06 INFO  TC_002_LoginTest:34 - clicked on ligin button..
2025-03-14 12:46:07 INFO  TC_002_LoginTest:48 - **** Finished TC_002_LoginTest  ****
